<?xml version="1.0" encoding="utf-8"?><testsuites><testsuite errors="0" failures="0" hostname="Sais-MacBook-Air.local" name="pytest" skipped="0" tests="1" time="3.889" timestamp="2020-11-14T11:40:00.863408"><testcase classname="tests.functional.test_presence.TestPool" file="tests/functional/test_presence.py" line="34" name="test_for_adding_presence_for_pool" time="3.074"></testcase></testsuite></testsuites>