<?xml version="1.0" encoding="utf-8"?><testsuites><testsuite errors="0" failures="0" hostname="Sais-MacBook-Air.local" name="pytest" skipped="0" tests="7" time="20.879" timestamp="2021-01-19T18:40:18.654457"><testcase classname="tests.functional.test_presence.TestPool" file="tests/functional/test_presence.py" line="34" name="test_for_adding_presence_for_pool" time="3.616"><system-out>Print Gender Female
</system-out></testcase><testcase classname="tests.functional.test_presence.TestPool" file="tests/functional/test_presence.py" line="89" name="test_for_validating_presence_existance" time="2.583"></testcase><testcase classname="tests.functional.test_presence.TestPool" file="tests/functional/test_presence.py" line="136" name="test_get_all_presence_to_be_reviewed" time="2.332"></testcase><testcase classname="tests.functional.test_presence.TestPool" file="tests/functional/test_presence.py" line="147" name="test_save_presence_feedback" time="3.002"></testcase><testcase classname="tests.functional.test_presence.TestPool" file="tests/functional/test_presence.py" line="167" name="test_validating_save_presence_feedback" time="2.298"></testcase><testcase classname="tests.functional.test_presence.TestPool" file="tests/functional/test_presence.py" line="199" name="test_for_get_count" time="2.951"></testcase><testcase classname="tests.functional.test_presence.TestPool" file="tests/functional/test_presence.py" line="212" name="test_for_get_count_validation" time="3.118"></testcase></testsuite></testsuites>