<?xml version="1.0" encoding="utf-8"?><testsuites><testsuite errors="0" failures="0" hostname="Sais-MacBook-Air.local" name="pytest" skipped="0" tests="0" time="0.020" timestamp="2021-01-19T17:14:59.393324"></testsuite></testsuites>